<?xml version="1.0" encoding="UTF-8" ?>
<testsuite errors="0" failures="1" hostname="hlbrfiixx2a2202.dynamic.ucsd.edu" name="org.genepattern.gpunit.test.BatchModuleTest" skipped="0" tests="1" time="8.106" timestamp="2018-01-27T01:24:53">
  <properties>
    <property name="java.vendor" value="Oracle Corporation" />
    <property name="username" value="edjuaro@gmail.com" />
    <property name="gpunit.testTimeout" value="" />
    <property name="sun.java.launcher" value="SUN_STANDARD" />
    <property name="sun.management.compiler" value="HotSpot 64-Bit Tiered Compilers" />
    <property name="os.name" value="Mac OS X" />
    <property name="java.target" value="1.6" />
    <property name="sun.boot.class.path" value="/Library/Java/JavaVirtualMachines/jdk1.8.0_131.jdk/Contents/Home/jre/lib/resources.jar:/Library/Java/JavaVirtualMachines/jdk1.8.0_131.jdk/Contents/Home/jre/lib/rt.jar:/Library/Java/JavaVirtualMachines/jdk1.8.0_131.jdk/Contents/Home/jre/lib/sunrsasign.jar:/Library/Java/JavaVirtualMachines/jdk1.8.0_131.jdk/Contents/Home/jre/lib/jsse.jar:/Library/Java/JavaVirtualMachines/jdk1.8.0_131.jdk/Contents/Home/jre/lib/jce.jar:/Library/Java/JavaVirtualMachines/jdk1.8.0_131.jdk/Contents/Home/jre/lib/charsets.jar:/Library/Java/JavaVirtualMachines/jdk1.8.0_131.jdk/Contents/Home/jre/lib/jfr.jar:/Library/Java/JavaVirtualMachines/jdk1.8.0_131.jdk/Contents/Home/jre/classes" />
    <property name="gpunit.shutdownTimeout" value="" />
    <property name="check-url.insecure" value="false" />
    <property name="TODAY" value="January 26 2018" />
    <property name="gpunit.jobCompletionTimeout" value="900" />
    <property name="java.vm.specification.vendor" value="Oracle Corporation" />
    <property name="ant.home" value="/usr/local/Cellar/ant/1.10.1/libexec" />
    <property name="java.runtime.version" value="1.8.0_131-b11" />
    <property name="module.tests.dir" value="ModuleTests" />
    <property name="check-url.head" value="true" />
    <property name="gpunit.client" value="REST" />
    <property name="user.name" value="edjuaro" />
    <property name="gp-client-lib-exists" value="true" />
    <property name="client.lib.dir" value="/Users/edjuaro/GoogleDrive/GpUnit/tmp/127.0.0.1/client" />
    <property name="gpunit.delete.jobs" value="false" />
    <property name="user.language" value="en" />
    <property name="project.basedir" value="/Users/edjuaro/GoogleDrive/GpUnit" />
    <property name="sun.boot.library.path" value="/Library/Java/JavaVirtualMachines/jdk1.8.0_131.jdk/Contents/Home/jre/lib" />
    <property name="gpunit.testfolder" value="/Users/edjuaro/GoogleDrive/modules/HierarchicalClustering/gpunit" />
    <property name="ant.project.default-target" value="package" />
    <property name="gp.password" value="" />
    <property name="ant.project.name" value="gp-unit" />
    <property name="DSTAMP" value="20180126" />
    <property name="java.version" value="1.8.0_131" />
    <property name="user.timezone" value="" />
    <property name="gpunit.gpData" value="https://github.com/genepattern/HierarchicalClustering" />
    <property name="gpunit.numThreads" value="5" />
    <property name="sun.arch.data.model" value="64" />
    <property name="http.nonProxyHosts" value="local|*.local|169.254/16|*.169.254/16" />
    <property name="java.endorsed.dirs" value="/Library/Java/JavaVirtualMachines/jdk1.8.0_131.jdk/Contents/Home/jre/lib/endorsed" />
    <property name="sun.cpu.isalist" value="" />
    <property name="gp.host" value="127.0.0.1" />
    <property name="sun.jnu.encoding" value="UTF-8" />
    <property name="file.encoding.pkg" value="sun.io" />
    <property name="testcases" value="/Users/edjuaro/GoogleDrive/modules/HierarchicalClustering/gpunit" />
    <property name="gpunit.properties" value="gpunit.properties" />
    <property name="file.separator" value="/" />
    <property name="genePatternUrl" value="http://127.0.0.1:8080" />
    <property name="java.specification.name" value="Java Platform API Specification" />
    <property name="java.class.version" value="52.0" />
    <property name="user.country" value="US" />
    <property name="java.home" value="/Library/Java/JavaVirtualMachines/jdk1.8.0_131.jdk/Contents/Home/jre" />
    <property name="java.vm.info" value="mixed mode" />
    <property name="ant.file" value="/Users/edjuaro/GoogleDrive/GpUnit/build.xml" />
    <property name="os.version" value="10.13.2" />
    <property name="gp.url" value="http://127.0.0.1:8080" />
    <property name="gpunit.save.downloads" value="true" />
    <property name="path.separator" value=":" />
    <property name="java.vm.version" value="25.131-b11" />
    <property name="gpunit.testData" value="ftp://gpftp.broadinstitute.org" />
    <property name="report.dir" value="/Users/edjuaro/GoogleDrive/modules/HierarchicalClustering/gpunit/reports" />
    <property name="check-url.extra-args" value="" />
    <property name="ant.library.dir" value="/usr/local/Cellar/ant/1.10.1/libexec/lib" />
    <property name="java.awt.printerjob" value="sun.lwawt.macosx.CPrinterJob" />
    <property name="sun.io.unicode.encoding" value="UnicodeBig" />
    <property name="ant.file.type.gp-unit" value="file" />
    <property name="awt.toolkit" value="sun.lwawt.macosx.LWCToolkit" />
    <property name="socksNonProxyHosts" value="local|*.local|169.254/16|*.169.254/16" />
    <property name="ftp.nonProxyHosts" value="local|*.local|169.254/16|*.169.254/16" />
    <property name="gpunit.upload.dir" value="" />
    <property name="user.home" value="/Users/edjuaro" />
    <property name="gp-client-lib-check-url.skip" value="true" />
    <property name="java.specification.vendor" value="Oracle Corporation" />
    <property name="java.library.path" value="/Users/edjuaro/Library/Java/Extensions:/Library/Java/Extensions:/Network/Library/Java/Extensions:/System/Library/Java/Extensions:/usr/lib/java:." />
    <property name="java.vendor.url" value="http://java.oracle.com/" />
    <property name="java.vm.vendor" value="Oracle Corporation" />
    <property name="gopherProxySet" value="false" />
    <property name="java.runtime.name" value="Java(TM) SE Runtime Environment" />
    <property name="ant.version" value="Apache Ant(TM) version 1.10.1 compiled on February 2 2017" />
    <property name="sun.java.command" value="org.apache.tools.ant.taskdefs.optional.junit.JUnitTestRunner org.genepattern.gpunit.test.BatchModuleTest skipNonTests=false filtertrace=true haltOnError=false haltOnFailure=false formatter=org.apache.tools.ant.taskdefs.optional.junit.SummaryJUnitResultFormatter showoutput=true outputtoformatters=true logfailedtests=true threadid=0 logtestlistenerevents=false formatter=org.apache.tools.ant.taskdefs.optional.junit.XMLJUnitResultFormatter,/Users/edjuaro/GoogleDrive/modules/HierarchicalClustering/gpunit/reports/run_20180126_1724/TEST-all.xml crashfile=/Users/edjuaro/GoogleDrive/GpUnit/junitvmwatcher5525570808790222730.properties propsfile=/Users/edjuaro/GoogleDrive/GpUnit/junit4629428998072662148.properties" />
    <property name="java.class.path" value="/Users/edjuaro/GoogleDrive/GpUnit/classes:/Users/edjuaro/GoogleDrive/GpUnit/lib/commons-codec-1.3.jar:/Users/edjuaro/GoogleDrive/GpUnit/lib/commons-compress-1.8.jar:/Users/edjuaro/GoogleDrive/GpUnit/lib/gp-modules-updated.jar:/Users/edjuaro/GoogleDrive/GpUnit/lib/gson-2.3.jar:/Users/edjuaro/GoogleDrive/GpUnit/lib/hamcrest-core-1.3.jar:/Users/edjuaro/GoogleDrive/GpUnit/lib/httpclient-4.5.3.jar:/Users/edjuaro/GoogleDrive/GpUnit/lib/httpcore-4.4.6.jar:/Users/edjuaro/GoogleDrive/GpUnit/lib/junit-4.11.jar:/Users/edjuaro/GoogleDrive/GpUnit/lib/snakeyaml-1.10.jar:/Users/edjuaro/GoogleDrive/GpUnit/tmp/127.0.0.1/client/GenePattern.jar:/Users/edjuaro/GoogleDrive/GpUnit/tmp/127.0.0.1/client/lib/Jama-1.0.1.jar:/Users/edjuaro/GoogleDrive/GpUnit/tmp/127.0.0.1/client/lib/MAGEstk-2003-10-24-v1.1-compatible.jar:/Users/edjuaro/GoogleDrive/GpUnit/tmp/127.0.0.1/client/lib/axis.jar:/Users/edjuaro/GoogleDrive/GpUnit/tmp/127.0.0.1/client/lib/commons-codec-1.3.jar:/Users/edjuaro/GoogleDrive/GpUnit/tmp/127.0.0.1/client/lib/commons-discovery-0.2.jar:/Users/edjuaro/GoogleDrive/GpUnit/tmp/127.0.0.1/client/lib/commons-httpclient-3.1.jar:/Users/edjuaro/GoogleDrive/GpUnit/tmp/127.0.0.1/client/lib/commons-logging.jar:/Users/edjuaro/GoogleDrive/GpUnit/tmp/127.0.0.1/client/lib/gp-modules.jar:/Users/edjuaro/GoogleDrive/GpUnit/tmp/127.0.0.1/client/lib/jaxrpc.jar:/Users/edjuaro/GoogleDrive/GpUnit/tmp/127.0.0.1/client/lib/log4j-1.2.16.jar:/Users/edjuaro/GoogleDrive/GpUnit/tmp/127.0.0.1/client/lib/mail.jar:/Users/edjuaro/GoogleDrive/GpUnit/tmp/127.0.0.1/client/lib/saaj.jar:/Users/edjuaro/GoogleDrive/GpUnit/tmp/127.0.0.1/client/lib/trove.jar:/Users/edjuaro/GoogleDrive/GpUnit/tmp/127.0.0.1/client/lib/wsdl4j-1.5.1.jar:/usr/local/Cellar/ant/1.10.1/libexec/lib/ant-launcher.jar:/usr/local/Cellar/ant/1.10.1/libexec/lib/ant.jar:/usr/local/Cellar/ant/1.10.1/libexec/lib/ant-junit.jar:/usr/local/Cellar/ant/1.10.1/libexec/lib/ant-junit4.jar" />
    <property name="gpunit.trustStore" value="" />
    <property name="gpunit.resultData" value="~/GoogleDrive/GpUnits" />
    <property name="TSTAMP" value="1724" />
    <property name="java.vm.specification.name" value="Java Virtual Machine Specification" />
    <property name="gp.port" value="" />
    <property name="gpunit.outputdir" value="./jobResults" />
    <property name="ant.file.type" value="file" />
    <property name="java.vm.specification.version" value="1.8" />
    <property name="gpunit.trustStorePassword" value="" />
    <property name="check-url.show-error" value="true" />
    <property name="sun.os.patch.level" value="unknown" />
    <property name="sun.cpu.endian" value="little" />
    <property name="java.io.tmpdir" value="/var/folders/73/k7s537yn32s4lrvppqlr9t6r0000gn/T/" />
    <property name="java.vendor.url.bug" value="http://bugreport.sun.com/bugreport/" />
    <property name="gpunit.testcase.dirs" value="/Users/edjuaro/GoogleDrive/modules/HierarchicalClustering/gpunit" />
    <property name="java.awt.graphicsenv" value="sun.awt.CGraphicsEnvironment" />
    <property name="os.arch" value="x86_64" />
    <property name="java.ext.dirs" value="/Users/edjuaro/Library/Java/Extensions:/Library/Java/JavaVirtualMachines/jdk1.8.0_131.jdk/Contents/Home/jre/lib/ext:/Library/Java/Extensions:/Network/Library/Java/Extensions:/System/Library/Java/Extensions:/usr/lib/java" />
    <property name="gpunit.batch.name" value="run_20180126_1724" />
    <property name="user.dir" value="/Users/edjuaro/GoogleDrive/modules/HierarchicalClustering/gpunit" />
    <property name="password" value="" />
    <property name="gp.user" value="edjuaro@gmail.com" />
    <property name="gpunit.localAssertions" value="true" />
    <property name="gpunit.dir" value="/Users/edjuaro/GoogleDrive/GpUnit" />
    <property name="line.separator" value="&#xa;" />
    <property name="java.vm.name" value="Java HotSpot(TM) 64-Bit Server VM" />
    <property name="ant.file.gp-unit" value="/Users/edjuaro/GoogleDrive/GpUnit/build.xml" />
    <property name="org.apache.tools.ant.taskdefs.optional.junit.AggregateTransformer0" value="/var/folders/73/k7s537yn32s4lrvppqlr9t6r0000gn/T/null1980977997" />
    <property name="basedir" value="/Users/edjuaro/GoogleDrive/GpUnit" />
    <property name="check-url.fail" value="true" />
    <property name="gpunit.diffStripTrailingCR" value="--strip-trailing-cr" />
    <property name="gp.path" value="/gp" />
    <property name="report.run.dir" value="/Users/edjuaro/GoogleDrive/modules/HierarchicalClustering/gpunit/reports/run_20180126_1724" />
    <property name="ant.java.version" value="1.8" />
    <property name="ant.core.lib" value="/usr/local/Cellar/ant/1.10.1/libexec/lib/ant.jar" />
    <property name="file.encoding" value="UTF-8" />
    <property name="gpunit.server.dir" value="" />
    <property name="check-url.silent" value="true" />
    <property name="gpunit.classpath.prop" value="/Users/edjuaro/GoogleDrive/GpUnit/classes:/Users/edjuaro/GoogleDrive/GpUnit/lib/commons-codec-1.3.jar:/Users/edjuaro/GoogleDrive/GpUnit/lib/commons-compress-1.8.jar:/Users/edjuaro/GoogleDrive/GpUnit/lib/gp-modules-updated.jar:/Users/edjuaro/GoogleDrive/GpUnit/lib/gson-2.3.jar:/Users/edjuaro/GoogleDrive/GpUnit/lib/hamcrest-core-1.3.jar:/Users/edjuaro/GoogleDrive/GpUnit/lib/httpclient-4.5.3.jar:/Users/edjuaro/GoogleDrive/GpUnit/lib/httpcore-4.4.6.jar:/Users/edjuaro/GoogleDrive/GpUnit/lib/junit-4.11.jar:/Users/edjuaro/GoogleDrive/GpUnit/lib/snakeyaml-1.10.jar:/Users/edjuaro/GoogleDrive/GpUnit/tmp/127.0.0.1/client/GenePattern.jar:/Users/edjuaro/GoogleDrive/GpUnit/tmp/127.0.0.1/client/lib/Jama-1.0.1.jar:/Users/edjuaro/GoogleDrive/GpUnit/tmp/127.0.0.1/client/lib/MAGEstk-2003-10-24-v1.1-compatible.jar:/Users/edjuaro/GoogleDrive/GpUnit/tmp/127.0.0.1/client/lib/axis.jar:/Users/edjuaro/GoogleDrive/GpUnit/tmp/127.0.0.1/client/lib/commons-codec-1.3.jar:/Users/edjuaro/GoogleDrive/GpUnit/tmp/127.0.0.1/client/lib/commons-discovery-0.2.jar:/Users/edjuaro/GoogleDrive/GpUnit/tmp/127.0.0.1/client/lib/commons-httpclient-3.1.jar:/Users/edjuaro/GoogleDrive/GpUnit/tmp/127.0.0.1/client/lib/commons-logging.jar:/Users/edjuaro/GoogleDrive/GpUnit/tmp/127.0.0.1/client/lib/gp-modules.jar:/Users/edjuaro/GoogleDrive/GpUnit/tmp/127.0.0.1/client/lib/jaxrpc.jar:/Users/edjuaro/GoogleDrive/GpUnit/tmp/127.0.0.1/client/lib/log4j-1.2.16.jar:/Users/edjuaro/GoogleDrive/GpUnit/tmp/127.0.0.1/client/lib/mail.jar:/Users/edjuaro/GoogleDrive/GpUnit/tmp/127.0.0.1/client/lib/saaj.jar:/Users/edjuaro/GoogleDrive/GpUnit/tmp/127.0.0.1/client/lib/trove.jar:/Users/edjuaro/GoogleDrive/GpUnit/tmp/127.0.0.1/client/lib/wsdl4j-1.5.1.jar" />
    <property name="local.dir" value="/Users/edjuaro/GoogleDrive/GpUnit/tmp/127.0.0.1" />
    <property name="java.specification.version" value="1.8" />
    <property name="ant.project.invoked-targets" value="gpunit" />
    <property name="gp.scheme" value="http" />
    <property name="exec.out" value="HTTP/1.1 200 OK&#xa;Server: Apache-Coyote/1.1&#xa;Access-Control-Allow-Origin: *&#xa;Access-Control-Allow-Methods: GET, POST, OPTIONS&#xa;Access-Control-Allow-Credentials: true&#xa;ETag: W/&quot;5326-1494452584000&quot;&#xa;Last-Modified: Wed, 10 May 2017 21:43:04 GMT&#xa;Content-Type: application/xhtml+xml&#xa;Content-Length: 5326&#xa;Date: Sat, 27 Jan 2018 01:24:51 GMT&#xa;" />
  </properties>
  <testcase classname="org.genepattern.gpunit.test.BatchModuleTest" name="gpunit[HierarchicalClustering - Column Oriented - Default - Pearson - Pairwise Average-Linkage]" time="8.061">
    <failure message="job #765, Expecting result file named &apos;BRCA_minimal_60x20.atr&apos;" type="junit.framework.AssertionFailedError">junit.framework.AssertionFailedError: job #765, Expecting result file named &apos;BRCA_minimal_60x20.atr&apos;
	at org.genepattern.gpunit.validator.JobResultValidatorGeneric.validate(JobResultValidatorGeneric.java:248)
	at org.genepattern.gpunit.exec.rest.RestClientUtil.runTest(RestClientUtil.java:62)
	at org.genepattern.gpunit.test.BatchModuleTest.gpunit(BatchModuleTest.java:263)
</failure>
  </testcase>
  <system-out><![CDATA[]]></system-out>
  <system-err><![CDATA[]]></system-err>
</testsuite>
